<?xml version="1.0" encoding="UTF-8"?>
<testsuite name="com.redhat.gpe.training.osgi.test.BindyDataFormatCsvTest" time="3.51" tests="1" errors="1" skipped="0" failures="0">
  <properties>
    <property name="java.runtime.name" value="Java(TM) SE Runtime Environment"/>
    <property name="sun.boot.library.path" value="/opt/jdk1.8.0_66/jre/lib/amd64"/>
    <property name="java.vm.version" value="25.66-b17"/>
    <property name="java.vm.vendor" value="Oracle Corporation"/>
    <property name="maven.multiModuleProjectDirectory" value="/home/kkakarla/Development/Fuse Training/labs/camel-labs-0.3-solution"/>
    <property name="java.vendor.url" value="http://java.oracle.com/"/>
    <property name="path.separator" value=":"/>
    <property name="guice.disable.misplaced.annotation.check" value="true"/>
    <property name="java.vm.name" value="Java HotSpot(TM) 64-Bit Server VM"/>
    <property name="file.encoding.pkg" value="sun.io"/>
    <property name="user.country" value="US"/>
    <property name="sun.java.launcher" value="SUN_STANDARD"/>
    <property name="sun.os.patch.level" value="unknown"/>
    <property name="java.vm.specification.name" value="Java Virtual Machine Specification"/>
    <property name="user.dir" value="/home/kkakarla/Development/Fuse Training/labs/camel-labs-0.3-solution"/>
    <property name="java.runtime.version" value="1.8.0_66-b17"/>
    <property name="java.awt.graphicsenv" value="sun.awt.X11GraphicsEnvironment"/>
    <property name="java.endorsed.dirs" value="/opt/jdk1.8.0_66/jre/lib/endorsed"/>
    <property name="os.arch" value="amd64"/>
    <property name="java.io.tmpdir" value="/tmp"/>
    <property name="line.separator" value="&#10;"/>
    <property name="java.vm.specification.vendor" value="Oracle Corporation"/>
    <property name="os.name" value="Linux"/>
    <property name="classworlds.conf" value="/home/kkakarla/Development/apache-maven-3.3.3/bin/m2.conf"/>
    <property name="sun.jnu.encoding" value="UTF-8"/>
    <property name="java.library.path" value="/usr/java/packages/lib/amd64:/usr/lib64:/lib64:/lib:/usr/lib"/>
    <property name="java.specification.name" value="Java Platform API Specification"/>
    <property name="java.class.version" value="52.0"/>
    <property name="sun.management.compiler" value="HotSpot 64-Bit Tiered Compilers"/>
    <property name="os.version" value="3.10.0-267.el7.x86_64"/>
    <property name="user.home" value="/home/kkakarla"/>
    <property name="user.timezone" value="Asia/Kolkata"/>
    <property name="java.awt.printerjob" value="sun.print.PSPrinterJob"/>
    <property name="file.encoding" value="UTF-8"/>
    <property name="java.specification.version" value="1.8"/>
    <property name="user.name" value="kkakarla"/>
    <property name="java.class.path" value="/home/kkakarla/Development/apache-maven-3.3.3/boot/plexus-classworlds-2.5.2.jar"/>
    <property name="java.vm.specification.version" value="1.8"/>
    <property name="sun.arch.data.model" value="64"/>
    <property name="java.home" value="/opt/jdk1.8.0_66/jre"/>
    <property name="sun.java.command" value="org.codehaus.plexus.classworlds.launcher.Launcher clean install"/>
    <property name="java.specification.vendor" value="Oracle Corporation"/>
    <property name="user.language" value="en"/>
    <property name="awt.toolkit" value="sun.awt.X11.XToolkit"/>
    <property name="java.vm.info" value="mixed mode"/>
    <property name="java.version" value="1.8.0_66"/>
    <property name="java.ext.dirs" value="/opt/jdk1.8.0_66/jre/lib/ext:/usr/java/packages/lib/ext"/>
    <property name="securerandom.source" value="file:/dev/./urandom"/>
    <property name="sun.boot.class.path" value="/opt/jdk1.8.0_66/jre/lib/resources.jar:/opt/jdk1.8.0_66/jre/lib/rt.jar:/opt/jdk1.8.0_66/jre/lib/sunrsasign.jar:/opt/jdk1.8.0_66/jre/lib/jsse.jar:/opt/jdk1.8.0_66/jre/lib/jce.jar:/opt/jdk1.8.0_66/jre/lib/charsets.jar:/opt/jdk1.8.0_66/jre/lib/jfr.jar:/opt/jdk1.8.0_66/jre/classes"/>
    <property name="java.vendor" value="Oracle Corporation"/>
    <property name="maven.home" value="/home/kkakarla/Development/apache-maven-3.3.3"/>
    <property name="file.separator" value="/"/>
    <property name="java.vendor.url.bug" value="http://bugreport.sun.com/bugreport/"/>
    <property name="sun.cpu.endian" value="little"/>
    <property name="sun.io.unicode.encoding" value="UnicodeLittle"/>
    <property name="sun.desktop" value="gnome"/>
    <property name="sun.cpu.isalist" value=""/>
  </properties>
  <testcase name="testMarshal" classname="com.redhat.gpe.training.osgi.test.BindyDataFormatCsvTest" time="3.51">
    <error message="URL [mvn:org.apache.karaf/apache-karaf/2.3.0.redhat-610379/tar.gz] could not be resolved." type="java.lang.RuntimeException">java.lang.RuntimeException: URL [mvn:org.apache.karaf/apache-karaf/2.3.0.redhat-610379/tar.gz] could not be resolved.
	at org.ops4j.pax.url.mvn.internal.Connection.getInputStream(Connection.java:195)
	at java.net.URL.openStream(URL.java:1038)
	at org.ops4j.pax.exam.karaf.container.internal.ArchiveExtractor.extractTarGzDistribution(ArchiveExtractor.java:81)
	at org.ops4j.pax.exam.karaf.container.internal.ArchiveExtractor.extract(ArchiveExtractor.java:70)
	at org.ops4j.pax.exam.karaf.container.internal.KarafTestContainer.start(KarafTestContainer.java:134)
	at org.ops4j.pax.exam.spi.reactors.AllConfinedStagedReactor.invoke(AllConfinedStagedReactor.java:79)
	at org.ops4j.pax.exam.junit.impl.ProbeRunner$2.evaluate(ProbeRunner.java:278)
	at org.junit.runners.ParentRunner.runLeaf(ParentRunner.java:271)
	at org.junit.runners.BlockJUnit4ClassRunner.runChild(BlockJUnit4ClassRunner.java:70)
	at org.junit.runners.BlockJUnit4ClassRunner.runChild(BlockJUnit4ClassRunner.java:50)
	at org.junit.runners.ParentRunner$3.run(ParentRunner.java:238)
	at org.junit.runners.ParentRunner$1.schedule(ParentRunner.java:63)
	at org.junit.runners.ParentRunner.runChildren(ParentRunner.java:236)
	at org.junit.runners.ParentRunner.access$000(ParentRunner.java:53)
	at org.junit.runners.ParentRunner$2.evaluate(ParentRunner.java:229)
	at org.junit.runners.ParentRunner.run(ParentRunner.java:309)
	at org.ops4j.pax.exam.junit.impl.ProbeRunner.run(ProbeRunner.java:112)
	at org.ops4j.pax.exam.junit.PaxExam.run(PaxExam.java:93)
	at org.apache.maven.surefire.junit4.JUnit4Provider.execute(JUnit4Provider.java:283)
	at org.apache.maven.surefire.junit4.JUnit4Provider.executeWithRerun(JUnit4Provider.java:173)
	at org.apache.maven.surefire.junit4.JUnit4Provider.executeTestSet(JUnit4Provider.java:153)
	at org.apache.maven.surefire.junit4.JUnit4Provider.invoke(JUnit4Provider.java:128)
	at org.apache.maven.surefire.booter.ForkedBooter.invokeProviderInSameClassLoader(ForkedBooter.java:203)
	at org.apache.maven.surefire.booter.ForkedBooter.runSuitesInProcess(ForkedBooter.java:155)
	at org.apache.maven.surefire.booter.ForkedBooter.main(ForkedBooter.java:103)
</error>
    <system-out><![CDATA[2015-11-16 11:08:52,609 [main           ] INFO  DefaultExamSystem              - Pax Exam System (Version: 3.5.0) created.
2015-11-16 11:08:52,648 [main           ] INFO  ProbeRunner                    - creating PaxExam runner for class com.redhat.gpe.training.osgi.test.BindyDataFormatCsvTest
2015-11-16 11:08:52,706 [main           ] INFO  ProbeRunner                    - creating PaxExam runner for class com.redhat.gpe.training.osgi.test.BindyDataFormatCsvTest
2015-11-16 11:08:52,713 [main           ] INFO  ProbeRunner                    - running test class com.redhat.gpe.training.osgi.test.BindyDataFormatCsvTest
]]></system-out>
    <system-err><![CDATA[SLF4J: Class path contains multiple SLF4J bindings.
SLF4J: Found binding in [jar:file:/home/kkakarla/.m2/repository/org/slf4j/slf4j-log4j12/1.6.6/slf4j-log4j12-1.6.6.jar!/org/slf4j/impl/StaticLoggerBinder.class]
SLF4J: Found binding in [jar:file:/home/kkakarla/.m2/repository/org/apache/karaf/org.apache.karaf.client/2.3.0.redhat-610379/org.apache.karaf.client-2.3.0.redhat-610379.jar!/org/slf4j/impl/StaticLoggerBinder.class]
SLF4J: Found binding in [jar:file:/home/kkakarla/.m2/repository/org/slf4j/slf4j-simple/1.6.6/slf4j-simple-1.6.6.jar!/org/slf4j/impl/StaticLoggerBinder.class]
SLF4J: Found binding in [jar:file:/home/kkakarla/.m2/repository/org/ops4j/pax/logging/pax-logging-api/1.7.2/pax-logging-api-1.7.2.jar!/org/slf4j/impl/StaticLoggerBinder.class]
SLF4J: See http://www.slf4j.org/codes.html#multiple_bindings for an explanation.
SLF4J: Actual binding is of type [org.slf4j.impl.Log4jLoggerFactory]
]]></system-err>
  </testcase>
</testsuite>